2022-03-09 08:41:53.002  INFO 16220 --- [main] c.e.u.UploadZiguangApplication           : Starting UploadZiguangApplication using Java 1.8.0_312 on SG264 with PID 16220 (F:\Java项目\upload_ziguang\target\classes started by SG264 in F:\Java项目\upload_ziguang)
2022-03-09 08:41:53.004  INFO 16220 --- [main] c.e.u.UploadZiguangApplication           : No active profile set, falling back to 1 default profile: "default"
2022-03-09 08:41:53.582  INFO 16220 --- [main] o.s.b.w.embedded.tomcat.TomcatWebServer  : Tomcat initialized with port(s): 8520 (http)
2022-03-09 08:41:53.587  INFO 16220 --- [main] o.apache.catalina.core.StandardService   : Starting service [Tomcat]
2022-03-09 08:41:53.587  INFO 16220 --- [main] org.apache.catalina.core.StandardEngine  : Starting Servlet engine: [Apache Tomcat/9.0.58]
2022-03-09 08:41:53.628  INFO 16220 --- [main] o.a.c.c.C.[Tomcat].[localhost].[/]       : Initializing Spring embedded WebApplicationContext
2022-03-09 08:41:53.629  INFO 16220 --- [main] w.s.c.ServletWebServerApplicationContext : Root WebApplicationContext: initialization completed in 599 ms
2022-03-09 08:41:53.752  WARN 16220 --- [main] ConfigServletWebServerApplicationContext : Exception encountered during context initialization - cancelling refresh attempt: org.springframework.beans.factory.UnsatisfiedDependencyException: Error creating bean with name 'carFaceServiceImpl': Unsatisfied dependency expressed through field 'baseMapper'; nested exception is org.springframework.beans.factory.UnsatisfiedDependencyException: Error creating bean with name 'carFaceMapper' defined in file [F:\Java项目\upload_ziguang\target\classes\com\example\upload_ziguang\gb1400\mapper\CarFaceMapper.class]: Unsatisfied dependency expressed through bean property 'sqlSessionFactory'; nested exception is org.springframework.beans.factory.BeanCreationException: Error creating bean with name 'sqlSessionFactory' defined in class path resource [com/baomidou/mybatisplus/autoconfigure/MybatisPlusAutoConfiguration.class]: Bean instantiation via factory method failed; nested exception is org.springframework.beans.BeanInstantiationException: Failed to instantiate [org.apache.ibatis.session.SqlSessionFactory]: Factory method 'sqlSessionFactory' threw exception; nested exception is org.springframework.core.NestedIOException: Failed to parse mapping resource: 'file [F:\Java项目\upload_ziguang\target\classes\mapper\CarFaceMapper.xml]'; nested exception is org.apache.ibatis.builder.BuilderException: Error parsing Mapper XML. The XML location is 'file [F:\Java项目\upload_ziguang\target\classes\mapper\CarFaceMapper.xml]'. Cause: org.apache.ibatis.builder.BuilderException: Error resolving class. Cause: org.apache.ibatis.type.TypeException: Could not resolve type alias 'com.example.sendyisa.domain.CarFace'.  Cause: java.lang.ClassNotFoundException: Cannot find class: com.example.sendyisa.domain.CarFace
2022-03-09 08:41:53.753  INFO 16220 --- [main] o.apache.catalina.core.StandardService   : Stopping service [Tomcat]
2022-03-09 08:41:53.760  INFO 16220 --- [main] ConditionEvaluationReportLoggingListener : 

Error starting ApplicationContext. To display the conditions report re-run your application with 'debug' enabled.
2022-03-09 08:41:53.773 ERROR 16220 --- [main] o.s.boot.SpringApplication               : Application run failed

org.springframework.beans.factory.UnsatisfiedDependencyException: Error creating bean with name 'carFaceServiceImpl': Unsatisfied dependency expressed through field 'baseMapper'; nested exception is org.springframework.beans.factory.UnsatisfiedDependencyException: Error creating bean with name 'carFaceMapper' defined in file [F:\Java项目\upload_ziguang\target\classes\com\example\upload_ziguang\gb1400\mapper\CarFaceMapper.class]: Unsatisfied dependency expressed through bean property 'sqlSessionFactory'; nested exception is org.springframework.beans.factory.BeanCreationException: Error creating bean with name 'sqlSessionFactory' defined in class path resource [com/baomidou/mybatisplus/autoconfigure/MybatisPlusAutoConfiguration.class]: Bean instantiation via factory method failed; nested exception is org.springframework.beans.BeanInstantiationException: Failed to instantiate [org.apache.ibatis.session.SqlSessionFactory]: Factory method 'sqlSessionFactory' threw exception; nested exception is org.springframework.core.NestedIOException: Failed to parse mapping resource: 'file [F:\Java项目\upload_ziguang\target\classes\mapper\CarFaceMapper.xml]'; nested exception is org.apache.ibatis.builder.BuilderException: Error parsing Mapper XML. The XML location is 'file [F:\Java项目\upload_ziguang\target\classes\mapper\CarFaceMapper.xml]'. Cause: org.apache.ibatis.builder.BuilderException: Error resolving class. Cause: org.apache.ibatis.type.TypeException: Could not resolve type alias 'com.example.sendyisa.domain.CarFace'.  Cause: java.lang.ClassNotFoundException: Cannot find class: com.example.sendyisa.domain.CarFace
	at org.springframework.beans.factory.annotation.AutowiredAnnotationBeanPostProcessor$AutowiredFieldElement.resolveFieldValue(AutowiredAnnotationBeanPostProcessor.java:659) ~[spring-beans-5.3.16.jar:5.3.16]
	at org.springframework.beans.factory.annotation.AutowiredAnnotationBeanPostProcessor$AutowiredFieldElement.inject(AutowiredAnnotationBeanPostProcessor.java:639) ~[spring-beans-5.3.16.jar:5.3.16]
	at org.springframework.beans.factory.annotation.InjectionMetadata.inject(InjectionMetadata.java:119) ~[spring-beans-5.3.16.jar:5.3.16]
	at org.springframework.beans.factory.annotation.AutowiredAnnotationBeanPostProcessor.postProcessProperties(AutowiredAnnotationBeanPostProcessor.java:399) ~[spring-beans-5.3.16.jar:5.3.16]
	at org.springframework.beans.factory.support.AbstractAutowireCapableBeanFactory.populateBean(AbstractAutowireCapableBeanFactory.java:1431) ~[spring-beans-5.3.16.jar:5.3.16]
	at org.springframework.beans.factory.support.AbstractAutowireCapableBeanFactory.doCreateBean(AbstractAutowireCapableBeanFactory.java:619) ~[spring-beans-5.3.16.jar:5.3.16]
	at org.springframework.beans.factory.support.AbstractAutowireCapableBeanFactory.createBean(AbstractAutowireCapableBeanFactory.java:542) ~[spring-beans-5.3.16.jar:5.3.16]
	at org.springframework.beans.factory.support.AbstractBeanFactory.lambda$doGetBean$0(AbstractBeanFactory.java:335) ~[spring-beans-5.3.16.jar:5.3.16]
	at org.springframework.beans.factory.support.DefaultSingletonBeanRegistry.getSingleton(DefaultSingletonBeanRegistry.java:234) ~[spring-beans-5.3.16.jar:5.3.16]
	at org.springframework.beans.factory.support.AbstractBeanFactory.doGetBean(AbstractBeanFactory.java:333) ~[spring-beans-5.3.16.jar:5.3.16]
	at org.springframework.beans.factory.support.AbstractBeanFactory.getBean(AbstractBeanFactory.java:208) ~[spring-beans-5.3.16.jar:5.3.16]
	at org.springframework.beans.factory.support.DefaultListableBeanFactory.preInstantiateSingletons(DefaultListableBeanFactory.java:953) ~[spring-beans-5.3.16.jar:5.3.16]
	at org.springframework.context.support.AbstractApplicationContext.finishBeanFactoryInitialization(AbstractApplicationContext.java:918) ~[spring-context-5.3.16.jar:5.3.16]
	at org.springframework.context.support.AbstractApplicationContext.refresh(AbstractApplicationContext.java:583) ~[spring-context-5.3.16.jar:5.3.16]
	at org.springframework.boot.web.servlet.context.ServletWebServerApplicationContext.refresh(ServletWebServerApplicationContext.java:145) ~[spring-boot-2.6.4.jar:2.6.4]
	at org.springframework.boot.SpringApplication.refresh(SpringApplication.java:740) [spring-boot-2.6.4.jar:2.6.4]
	at org.springframework.boot.SpringApplication.refreshContext(SpringApplication.java:415) [spring-boot-2.6.4.jar:2.6.4]
	at org.springframework.boot.SpringApplication.run(SpringApplication.java:303) [spring-boot-2.6.4.jar:2.6.4]
	at org.springframework.boot.SpringApplication.run(SpringApplication.java:1312) [spring-boot-2.6.4.jar:2.6.4]
	at org.springframework.boot.SpringApplication.run(SpringApplication.java:1301) [spring-boot-2.6.4.jar:2.6.4]
	at com.example.upload_ziguang.UploadZiguangApplication.main(UploadZiguangApplication.java:10) [classes/:na]
Caused by: org.springframework.beans.factory.UnsatisfiedDependencyException: Error creating bean with name 'carFaceMapper' defined in file [F:\Java项目\upload_ziguang\target\classes\com\example\upload_ziguang\gb1400\mapper\CarFaceMapper.class]: Unsatisfied dependency expressed through bean property 'sqlSessionFactory'; nested exception is org.springframework.beans.factory.BeanCreationException: Error creating bean with name 'sqlSessionFactory' defined in class path resource [com/baomidou/mybatisplus/autoconfigure/MybatisPlusAutoConfiguration.class]: Bean instantiation via factory method failed; nested exception is org.springframework.beans.BeanInstantiationException: Failed to instantiate [org.apache.ibatis.session.SqlSessionFactory]: Factory method 'sqlSessionFactory' threw exception; nested exception is org.springframework.core.NestedIOException: Failed to parse mapping resource: 'file [F:\Java项目\upload_ziguang\target\classes\mapper\CarFaceMapper.xml]'; nested exception is org.apache.ibatis.builder.BuilderException: Error parsing Mapper XML. The XML location is 'file [F:\Java项目\upload_ziguang\target\classes\mapper\CarFaceMapper.xml]'. Cause: org.apache.ibatis.builder.BuilderException: Error resolving class. Cause: org.apache.ibatis.type.TypeException: Could not resolve type alias 'com.example.sendyisa.domain.CarFace'.  Cause: java.lang.ClassNotFoundException: Cannot find class: com.example.sendyisa.domain.CarFace
	at org.springframework.beans.factory.support.AbstractAutowireCapableBeanFactory.autowireByType(AbstractAutowireCapableBeanFactory.java:1534) ~[spring-beans-5.3.16.jar:5.3.16]
	at org.springframework.beans.factory.support.AbstractAutowireCapableBeanFactory.populateBean(AbstractAutowireCapableBeanFactory.java:1417) ~[spring-beans-5.3.16.jar:5.3.16]
	at org.springframework.beans.factory.support.AbstractAutowireCapableBeanFactory.doCreateBean(AbstractAutowireCapableBeanFactory.java:619) ~[spring-beans-5.3.16.jar:5.3.16]
	at org.springframework.beans.factory.support.AbstractAutowireCapableBeanFactory.createBean(AbstractAutowireCapableBeanFactory.java:542) ~[spring-beans-5.3.16.jar:5.3.16]
	at org.springframework.beans.factory.support.AbstractBeanFactory.lambda$doGetBean$0(AbstractBeanFactory.java:335) ~[spring-beans-5.3.16.jar:5.3.16]
	at org.springframework.beans.factory.support.DefaultSingletonBeanRegistry.getSingleton(DefaultSingletonBeanRegistry.java:234) ~[spring-beans-5.3.16.jar:5.3.16]
	at org.springframework.beans.factory.support.AbstractBeanFactory.doGetBean(AbstractBeanFactory.java:333) ~[spring-beans-5.3.16.jar:5.3.16]
	at org.springframework.beans.factory.support.AbstractBeanFactory.getBean(AbstractBeanFactory.java:208) ~[spring-beans-5.3.16.jar:5.3.16]
	at org.springframework.beans.factory.config.DependencyDescriptor.resolveCandidate(DependencyDescriptor.java:276) ~[spring-beans-5.3.16.jar:5.3.16]
	at org.springframework.beans.factory.support.DefaultListableBeanFactory.doResolveDependency(DefaultListableBeanFactory.java:1389) ~[spring-beans-5.3.16.jar:5.3.16]
	at org.springframework.beans.factory.support.DefaultListableBeanFactory.resolveDependency(DefaultListableBeanFactory.java:1309) ~[spring-beans-5.3.16.jar:5.3.16]
	at org.springframework.beans.factory.annotation.AutowiredAnnotationBeanPostProcessor$AutowiredFieldElement.resolveFieldValue(AutowiredAnnotationBeanPostProcessor.java:656) ~[spring-beans-5.3.16.jar:5.3.16]
	... 20 common frames omitted
Caused by: org.springframework.beans.factory.BeanCreationException: Error creating bean with name 'sqlSessionFactory' defined in class path resource [com/baomidou/mybatisplus/autoconfigure/MybatisPlusAutoConfiguration.class]: Bean instantiation via factory method failed; nested exception is org.springframework.beans.BeanInstantiationException: Failed to instantiate [org.apache.ibatis.session.SqlSessionFactory]: Factory method 'sqlSessionFactory' threw exception; nested exception is org.springframework.core.NestedIOException: Failed to parse mapping resource: 'file [F:\Java项目\upload_ziguang\target\classes\mapper\CarFaceMapper.xml]'; nested exception is org.apache.ibatis.builder.BuilderException: Error parsing Mapper XML. The XML location is 'file [F:\Java项目\upload_ziguang\target\classes\mapper\CarFaceMapper.xml]'. Cause: org.apache.ibatis.builder.BuilderException: Error resolving class. Cause: org.apache.ibatis.type.TypeException: Could not resolve type alias 'com.example.sendyisa.domain.CarFace'.  Cause: java.lang.ClassNotFoundException: Cannot find class: com.example.sendyisa.domain.CarFace
	at org.springframework.beans.factory.support.ConstructorResolver.instantiate(ConstructorResolver.java:658) ~[spring-beans-5.3.16.jar:5.3.16]
	at org.springframework.beans.factory.support.ConstructorResolver.instantiateUsingFactoryMethod(ConstructorResolver.java:638) ~[spring-beans-5.3.16.jar:5.3.16]
	at org.springframework.beans.factory.support.AbstractAutowireCapableBeanFactory.instantiateUsingFactoryMethod(AbstractAutowireCapableBeanFactory.java:1352) ~[spring-beans-5.3.16.jar:5.3.16]
	at org.springframework.beans.factory.support.AbstractAutowireCapableBeanFactory.createBeanInstance(AbstractAutowireCapableBeanFactory.java:1195) ~[spring-beans-5.3.16.jar:5.3.16]
	at org.springframework.beans.factory.support.AbstractAutowireCapableBeanFactory.doCreateBean(AbstractAutowireCapableBeanFactory.java:582) ~[spring-beans-5.3.16.jar:5.3.16]
	at org.springframework.beans.factory.support.AbstractAutowireCapableBeanFactory.createBean(AbstractAutowireCapableBeanFactory.java:542) ~[spring-beans-5.3.16.jar:5.3.16]
	at org.springframework.beans.factory.support.AbstractBeanFactory.lambda$doGetBean$0(AbstractBeanFactory.java:335) ~[spring-beans-5.3.16.jar:5.3.16]
	at org.springframework.beans.factory.support.DefaultSingletonBeanRegistry.getSingleton(DefaultSingletonBeanRegistry.java:234) ~[spring-beans-5.3.16.jar:5.3.16]
	at org.springframework.beans.factory.support.AbstractBeanFactory.doGetBean(AbstractBeanFactory.java:333) ~[spring-beans-5.3.16.jar:5.3.16]
	at org.springframework.beans.factory.support.AbstractBeanFactory.getBean(AbstractBeanFactory.java:208) ~[spring-beans-5.3.16.jar:5.3.16]
	at org.springframework.beans.factory.config.DependencyDescriptor.resolveCandidate(DependencyDescriptor.java:276) ~[spring-beans-5.3.16.jar:5.3.16]
	at org.springframework.beans.factory.support.DefaultListableBeanFactory.doResolveDependency(DefaultListableBeanFactory.java:1389) ~[spring-beans-5.3.16.jar:5.3.16]
	at org.springframework.beans.factory.support.DefaultListableBeanFactory.resolveDependency(DefaultListableBeanFactory.java:1309) ~[spring-beans-5.3.16.jar:5.3.16]
	at org.springframework.beans.factory.support.AbstractAutowireCapableBeanFactory.autowireByType(AbstractAutowireCapableBeanFactory.java:1519) ~[spring-beans-5.3.16.jar:5.3.16]
	... 31 common frames omitted
Caused by: org.springframework.beans.BeanInstantiationException: Failed to instantiate [org.apache.ibatis.session.SqlSessionFactory]: Factory method 'sqlSessionFactory' threw exception; nested exception is org.springframework.core.NestedIOException: Failed to parse mapping resource: 'file [F:\Java项目\upload_ziguang\target\classes\mapper\CarFaceMapper.xml]'; nested exception is org.apache.ibatis.builder.BuilderException: Error parsing Mapper XML. The XML location is 'file [F:\Java项目\upload_ziguang\target\classes\mapper\CarFaceMapper.xml]'. Cause: org.apache.ibatis.builder.BuilderException: Error resolving class. Cause: org.apache.ibatis.type.TypeException: Could not resolve type alias 'com.example.sendyisa.domain.CarFace'.  Cause: java.lang.ClassNotFoundException: Cannot find class: com.example.sendyisa.domain.CarFace
	at org.springframework.beans.factory.support.SimpleInstantiationStrategy.instantiate(SimpleInstantiationStrategy.java:185) ~[spring-beans-5.3.16.jar:5.3.16]
	at org.springframework.beans.factory.support.ConstructorResolver.instantiate(ConstructorResolver.java:653) ~[spring-beans-5.3.16.jar:5.3.16]
	... 44 common frames omitted
Caused by: org.springframework.core.NestedIOException: Failed to parse mapping resource: 'file [F:\Java项目\upload_ziguang\target\classes\mapper\CarFaceMapper.xml]'; nested exception is org.apache.ibatis.builder.BuilderException: Error parsing Mapper XML. The XML location is 'file [F:\Java项目\upload_ziguang\target\classes\mapper\CarFaceMapper.xml]'. Cause: org.apache.ibatis.builder.BuilderException: Error resolving class. Cause: org.apache.ibatis.type.TypeException: Could not resolve type alias 'com.example.sendyisa.domain.CarFace'.  Cause: java.lang.ClassNotFoundException: Cannot find class: com.example.sendyisa.domain.CarFace
	at com.baomidou.mybatisplus.extension.spring.MybatisSqlSessionFactoryBean.buildSqlSessionFactory(MybatisSqlSessionFactoryBean.java:595) ~[mybatis-plus-extension-3.4.3.4.jar:3.4.3.4]
	at com.baomidou.mybatisplus.extension.spring.MybatisSqlSessionFactoryBean.afterPropertiesSet(MybatisSqlSessionFactoryBean.java:431) ~[mybatis-plus-extension-3.4.3.4.jar:3.4.3.4]
	at com.baomidou.mybatisplus.extension.spring.MybatisSqlSessionFactoryBean.getObject(MybatisSqlSessionFactoryBean.java:628) ~[mybatis-plus-extension-3.4.3.4.jar:3.4.3.4]
	at com.baomidou.mybatisplus.autoconfigure.MybatisPlusAutoConfiguration.sqlSessionFactory(MybatisPlusAutoConfiguration.java:219) ~[mybatis-plus-boot-starter-3.4.3.4.jar:3.4.3.4]
	at sun.reflect.NativeMethodAccessorImpl.invoke0(Native Method) ~[na:1.8.0_312]
	at sun.reflect.NativeMethodAccessorImpl.invoke(NativeMethodAccessorImpl.java:62) ~[na:1.8.0_312]
	at sun.reflect.DelegatingMethodAccessorImpl.invoke(DelegatingMethodAccessorImpl.java:43) ~[na:1.8.0_312]
	at java.lang.reflect.Method.invoke(Method.java:498) ~[na:1.8.0_312]
	at org.springframework.beans.factory.support.SimpleInstantiationStrategy.instantiate(SimpleInstantiationStrategy.java:154) ~[spring-beans-5.3.16.jar:5.3.16]
	... 45 common frames omitted
Caused by: org.apache.ibatis.builder.BuilderException: Error parsing Mapper XML. The XML location is 'file [F:\Java项目\upload_ziguang\target\classes\mapper\CarFaceMapper.xml]'. Cause: org.apache.ibatis.builder.BuilderException: Error resolving class. Cause: org.apache.ibatis.type.TypeException: Could not resolve type alias 'com.example.sendyisa.domain.CarFace'.  Cause: java.lang.ClassNotFoundException: Cannot find class: com.example.sendyisa.domain.CarFace
	at org.apache.ibatis.builder.xml.XMLMapperBuilder.configurationElement(XMLMapperBuilder.java:123) ~[mybatis-3.5.7.jar:3.5.7]
	at org.apache.ibatis.builder.xml.XMLMapperBuilder.parse(XMLMapperBuilder.java:95) ~[mybatis-3.5.7.jar:3.5.7]
	at com.baomidou.mybatisplus.extension.spring.MybatisSqlSessionFactoryBean.buildSqlSessionFactory(MybatisSqlSessionFactoryBean.java:593) ~[mybatis-plus-extension-3.4.3.4.jar:3.4.3.4]
	... 53 common frames omitted
Caused by: org.apache.ibatis.builder.BuilderException: Error resolving class. Cause: org.apache.ibatis.type.TypeException: Could not resolve type alias 'com.example.sendyisa.domain.CarFace'.  Cause: java.lang.ClassNotFoundException: Cannot find class: com.example.sendyisa.domain.CarFace
	at org.apache.ibatis.builder.BaseBuilder.resolveClass(BaseBuilder.java:118) ~[mybatis-3.5.7.jar:3.5.7]
	at org.apache.ibatis.builder.xml.XMLMapperBuilder.resultMapElement(XMLMapperBuilder.java:263) ~[mybatis-3.5.7.jar:3.5.7]
	at org.apache.ibatis.builder.xml.XMLMapperBuilder.resultMapElement(XMLMapperBuilder.java:254) ~[mybatis-3.5.7.jar:3.5.7]
	at org.apache.ibatis.builder.xml.XMLMapperBuilder.resultMapElements(XMLMapperBuilder.java:246) ~[mybatis-3.5.7.jar:3.5.7]
	at org.apache.ibatis.builder.xml.XMLMapperBuilder.configurationElement(XMLMapperBuilder.java:119) ~[mybatis-3.5.7.jar:3.5.7]
	... 55 common frames omitted
Caused by: org.apache.ibatis.type.TypeException: Could not resolve type alias 'com.example.sendyisa.domain.CarFace'.  Cause: java.lang.ClassNotFoundException: Cannot find class: com.example.sendyisa.domain.CarFace
	at org.apache.ibatis.type.TypeAliasRegistry.resolveAlias(TypeAliasRegistry.java:120) ~[mybatis-3.5.7.jar:3.5.7]
	at org.apache.ibatis.builder.BaseBuilder.resolveAlias(BaseBuilder.java:149) ~[mybatis-3.5.7.jar:3.5.7]
	at org.apache.ibatis.builder.BaseBuilder.resolveClass(BaseBuilder.java:116) ~[mybatis-3.5.7.jar:3.5.7]
	... 59 common frames omitted
Caused by: java.lang.ClassNotFoundException: Cannot find class: com.example.sendyisa.domain.CarFace
	at org.apache.ibatis.io.ClassLoaderWrapper.classForName(ClassLoaderWrapper.java:196) ~[mybatis-3.5.7.jar:3.5.7]
	at org.apache.ibatis.io.ClassLoaderWrapper.classForName(ClassLoaderWrapper.java:89) ~[mybatis-3.5.7.jar:3.5.7]
	at org.apache.ibatis.io.Resources.classForName(Resources.java:261) ~[mybatis-3.5.7.jar:3.5.7]
	at org.apache.ibatis.type.TypeAliasRegistry.resolveAlias(TypeAliasRegistry.java:116) ~[mybatis-3.5.7.jar:3.5.7]
	... 61 common frames omitted

2022-03-09 08:45:36.631  INFO 21852 --- [main] c.e.u.UploadZiguangApplication           : Starting UploadZiguangApplication using Java 1.8.0_312 on SG264 with PID 21852 (F:\Java项目\upload_ziguang\target\classes started by SG264 in F:\Java项目\upload_ziguang)
2022-03-09 08:45:36.633  INFO 21852 --- [main] c.e.u.UploadZiguangApplication           : No active profile set, falling back to 1 default profile: "default"
2022-03-09 08:45:37.221  INFO 21852 --- [main] o.s.b.w.embedded.tomcat.TomcatWebServer  : Tomcat initialized with port(s): 8520 (http)
2022-03-09 08:45:37.227  INFO 21852 --- [main] o.apache.catalina.core.StandardService   : Starting service [Tomcat]
2022-03-09 08:45:37.227  INFO 21852 --- [main] org.apache.catalina.core.StandardEngine  : Starting Servlet engine: [Apache Tomcat/9.0.58]
2022-03-09 08:45:37.277  INFO 21852 --- [main] o.a.c.c.C.[Tomcat].[localhost].[/]       : Initializing Spring embedded WebApplicationContext
2022-03-09 08:45:37.278  INFO 21852 --- [main] w.s.c.ServletWebServerApplicationContext : Root WebApplicationContext: initialization completed in 620 ms
2022-03-09 08:45:37.453  WARN 21852 --- [main] ConfigServletWebServerApplicationContext : Exception encountered during context initialization - cancelling refresh attempt: org.springframework.beans.factory.UnsatisfiedDependencyException: Error creating bean with name 'carFaceServiceImpl': Unsatisfied dependency expressed through field 'baseMapper'; nested exception is org.springframework.beans.factory.UnsatisfiedDependencyException: Error creating bean with name 'carFaceMapper' defined in file [F:\Java项目\upload_ziguang\target\classes\com\example\upload_ziguang\gb1400\mapper\CarFaceMapper.class]: Unsatisfied dependency expressed through bean property 'sqlSessionFactory'; nested exception is org.springframework.beans.factory.BeanCreationException: Error creating bean with name 'sqlSessionFactory' defined in class path resource [com/baomidou/mybatisplus/autoconfigure/MybatisPlusAutoConfiguration.class]: Bean instantiation via factory method failed; nested exception is org.springframework.beans.BeanInstantiationException: Failed to instantiate [org.apache.ibatis.session.SqlSessionFactory]: Factory method 'sqlSessionFactory' threw exception; nested exception is org.springframework.core.NestedIOException: Failed to parse mapping resource: 'file [F:\Java项目\upload_ziguang\target\classes\mapper\CarFaceMapper.xml]'; nested exception is org.apache.ibatis.builder.BuilderException: Error parsing Mapper XML. The XML location is 'file [F:\Java项目\upload_ziguang\target\classes\mapper\CarFaceMapper.xml]'. Cause: org.apache.ibatis.builder.BuilderException: Error resolving class. Cause: org.apache.ibatis.type.TypeException: Could not resolve type alias 'com.example.sendyisa.domain.CarFace'.  Cause: java.lang.ClassNotFoundException: Cannot find class: com.example.sendyisa.domain.CarFace
2022-03-09 08:45:37.455  INFO 21852 --- [main] o.apache.catalina.core.StandardService   : Stopping service [Tomcat]
2022-03-09 08:45:37.462  INFO 21852 --- [main] ConditionEvaluationReportLoggingListener : 

Error starting ApplicationContext. To display the conditions report re-run your application with 'debug' enabled.
2022-03-09 08:45:37.481 ERROR 21852 --- [main] o.s.boot.SpringApplication               : Application run failed

org.springframework.beans.factory.UnsatisfiedDependencyException: Error creating bean with name 'carFaceServiceImpl': Unsatisfied dependency expressed through field 'baseMapper'; nested exception is org.springframework.beans.factory.UnsatisfiedDependencyException: Error creating bean with name 'carFaceMapper' defined in file [F:\Java项目\upload_ziguang\target\classes\com\example\upload_ziguang\gb1400\mapper\CarFaceMapper.class]: Unsatisfied dependency expressed through bean property 'sqlSessionFactory'; nested exception is org.springframework.beans.factory.BeanCreationException: Error creating bean with name 'sqlSessionFactory' defined in class path resource [com/baomidou/mybatisplus/autoconfigure/MybatisPlusAutoConfiguration.class]: Bean instantiation via factory method failed; nested exception is org.springframework.beans.BeanInstantiationException: Failed to instantiate [org.apache.ibatis.session.SqlSessionFactory]: Factory method 'sqlSessionFactory' threw exception; nested exception is org.springframework.core.NestedIOException: Failed to parse mapping resource: 'file [F:\Java项目\upload_ziguang\target\classes\mapper\CarFaceMapper.xml]'; nested exception is org.apache.ibatis.builder.BuilderException: Error parsing Mapper XML. The XML location is 'file [F:\Java项目\upload_ziguang\target\classes\mapper\CarFaceMapper.xml]'. Cause: org.apache.ibatis.builder.BuilderException: Error resolving class. Cause: org.apache.ibatis.type.TypeException: Could not resolve type alias 'com.example.sendyisa.domain.CarFace'.  Cause: java.lang.ClassNotFoundException: Cannot find class: com.example.sendyisa.domain.CarFace
	at org.springframework.beans.factory.annotation.AutowiredAnnotationBeanPostProcessor$AutowiredFieldElement.resolveFieldValue(AutowiredAnnotationBeanPostProcessor.java:659) ~[spring-beans-5.3.16.jar:5.3.16]
	at org.springframework.beans.factory.annotation.AutowiredAnnotationBeanPostProcessor$AutowiredFieldElement.inject(AutowiredAnnotationBeanPostProcessor.java:639) ~[spring-beans-5.3.16.jar:5.3.16]
	at org.springframework.beans.factory.annotation.InjectionMetadata.inject(InjectionMetadata.java:119) ~[spring-beans-5.3.16.jar:5.3.16]
	at org.springframework.beans.factory.annotation.AutowiredAnnotationBeanPostProcessor.postProcessProperties(AutowiredAnnotationBeanPostProcessor.java:399) ~[spring-beans-5.3.16.jar:5.3.16]
	at org.springframework.beans.factory.support.AbstractAutowireCapableBeanFactory.populateBean(AbstractAutowireCapableBeanFactory.java:1431) ~[spring-beans-5.3.16.jar:5.3.16]
	at org.springframework.beans.factory.support.AbstractAutowireCapableBeanFactory.doCreateBean(AbstractAutowireCapableBeanFactory.java:619) ~[spring-beans-5.3.16.jar:5.3.16]
	at org.springframework.beans.factory.support.AbstractAutowireCapableBeanFactory.createBean(AbstractAutowireCapableBeanFactory.java:542) ~[spring-beans-5.3.16.jar:5.3.16]
	at org.springframework.beans.factory.support.AbstractBeanFactory.lambda$doGetBean$0(AbstractBeanFactory.java:335) ~[spring-beans-5.3.16.jar:5.3.16]
	at org.springframework.beans.factory.support.DefaultSingletonBeanRegistry.getSingleton(DefaultSingletonBeanRegistry.java:234) ~[spring-beans-5.3.16.jar:5.3.16]
	at org.springframework.beans.factory.support.AbstractBeanFactory.doGetBean(AbstractBeanFactory.java:333) ~[spring-beans-5.3.16.jar:5.3.16]
	at org.springframework.beans.factory.support.AbstractBeanFactory.getBean(AbstractBeanFactory.java:208) ~[spring-beans-5.3.16.jar:5.3.16]
	at org.springframework.beans.factory.support.DefaultListableBeanFactory.preInstantiateSingletons(DefaultListableBeanFactory.java:953) ~[spring-beans-5.3.16.jar:5.3.16]
	at org.springframework.context.support.AbstractApplicationContext.finishBeanFactoryInitialization(AbstractApplicationContext.java:918) ~[spring-context-5.3.16.jar:5.3.16]
	at org.springframework.context.support.AbstractApplicationContext.refresh(AbstractApplicationContext.java:583) ~[spring-context-5.3.16.jar:5.3.16]
	at org.springframework.boot.web.servlet.context.ServletWebServerApplicationContext.refresh(ServletWebServerApplicationContext.java:145) ~[spring-boot-2.6.4.jar:2.6.4]
	at org.springframework.boot.SpringApplication.refresh(SpringApplication.java:740) [spring-boot-2.6.4.jar:2.6.4]
	at org.springframework.boot.SpringApplication.refreshContext(SpringApplication.java:415) [spring-boot-2.6.4.jar:2.6.4]
	at org.springframework.boot.SpringApplication.run(SpringApplication.java:303) [spring-boot-2.6.4.jar:2.6.4]
	at org.springframework.boot.SpringApplication.run(SpringApplication.java:1312) [spring-boot-2.6.4.jar:2.6.4]
	at org.springframework.boot.SpringApplication.run(SpringApplication.java:1301) [spring-boot-2.6.4.jar:2.6.4]
	at com.example.upload_ziguang.UploadZiguangApplication.main(UploadZiguangApplication.java:10) [classes/:na]
Caused by: org.springframework.beans.factory.UnsatisfiedDependencyException: Error creating bean with name 'carFaceMapper' defined in file [F:\Java项目\upload_ziguang\target\classes\com\example\upload_ziguang\gb1400\mapper\CarFaceMapper.class]: Unsatisfied dependency expressed through bean property 'sqlSessionFactory'; nested exception is org.springframework.beans.factory.BeanCreationException: Error creating bean with name 'sqlSessionFactory' defined in class path resource [com/baomidou/mybatisplus/autoconfigure/MybatisPlusAutoConfiguration.class]: Bean instantiation via factory method failed; nested exception is org.springframework.beans.BeanInstantiationException: Failed to instantiate [org.apache.ibatis.session.SqlSessionFactory]: Factory method 'sqlSessionFactory' threw exception; nested exception is org.springframework.core.NestedIOException: Failed to parse mapping resource: 'file [F:\Java项目\upload_ziguang\target\classes\mapper\CarFaceMapper.xml]'; nested exception is org.apache.ibatis.builder.BuilderException: Error parsing Mapper XML. The XML location is 'file [F:\Java项目\upload_ziguang\target\classes\mapper\CarFaceMapper.xml]'. Cause: org.apache.ibatis.builder.BuilderException: Error resolving class. Cause: org.apache.ibatis.type.TypeException: Could not resolve type alias 'com.example.sendyisa.domain.CarFace'.  Cause: java.lang.ClassNotFoundException: Cannot find class: com.example.sendyisa.domain.CarFace
	at org.springframework.beans.factory.support.AbstractAutowireCapableBeanFactory.autowireByType(AbstractAutowireCapableBeanFactory.java:1534) ~[spring-beans-5.3.16.jar:5.3.16]
	at org.springframework.beans.factory.support.AbstractAutowireCapableBeanFactory.populateBean(AbstractAutowireCapableBeanFactory.java:1417) ~[spring-beans-5.3.16.jar:5.3.16]
	at org.springframework.beans.factory.support.AbstractAutowireCapableBeanFactory.doCreateBean(AbstractAutowireCapableBeanFactory.java:619) ~[spring-beans-5.3.16.jar:5.3.16]
	at org.springframework.beans.factory.support.AbstractAutowireCapableBeanFactory.createBean(AbstractAutowireCapableBeanFactory.java:542) ~[spring-beans-5.3.16.jar:5.3.16]
	at org.springframework.beans.factory.support.AbstractBeanFactory.lambda$doGetBean$0(AbstractBeanFactory.java:335) ~[spring-beans-5.3.16.jar:5.3.16]
	at org.springframework.beans.factory.support.DefaultSingletonBeanRegistry.getSingleton(DefaultSingletonBeanRegistry.java:234) ~[spring-beans-5.3.16.jar:5.3.16]
	at org.springframework.beans.factory.support.AbstractBeanFactory.doGetBean(AbstractBeanFactory.java:333) ~[spring-beans-5.3.16.jar:5.3.16]
	at org.springframework.beans.factory.support.AbstractBeanFactory.getBean(AbstractBeanFactory.java:208) ~[spring-beans-5.3.16.jar:5.3.16]
	at org.springframework.beans.factory.config.DependencyDescriptor.resolveCandidate(DependencyDescriptor.java:276) ~[spring-beans-5.3.16.jar:5.3.16]
	at org.springframework.beans.factory.support.DefaultListableBeanFactory.doResolveDependency(DefaultListableBeanFactory.java:1389) ~[spring-beans-5.3.16.jar:5.3.16]
	at org.springframework.beans.factory.support.DefaultListableBeanFactory.resolveDependency(DefaultListableBeanFactory.java:1309) ~[spring-beans-5.3.16.jar:5.3.16]
	at org.springframework.beans.factory.annotation.AutowiredAnnotationBeanPostProcessor$AutowiredFieldElement.resolveFieldValue(AutowiredAnnotationBeanPostProcessor.java:656) ~[spring-beans-5.3.16.jar:5.3.16]
	... 20 common frames omitted
Caused by: org.springframework.beans.factory.BeanCreationException: Error creating bean with name 'sqlSessionFactory' defined in class path resource [com/baomidou/mybatisplus/autoconfigure/MybatisPlusAutoConfiguration.class]: Bean instantiation via factory method failed; nested exception is org.springframework.beans.BeanInstantiationException: Failed to instantiate [org.apache.ibatis.session.SqlSessionFactory]: Factory method 'sqlSessionFactory' threw exception; nested exception is org.springframework.core.NestedIOException: Failed to parse mapping resource: 'file [F:\Java项目\upload_ziguang\target\classes\mapper\CarFaceMapper.xml]'; nested exception is org.apache.ibatis.builder.BuilderException: Error parsing Mapper XML. The XML location is 'file [F:\Java项目\upload_ziguang\target\classes\mapper\CarFaceMapper.xml]'. Cause: org.apache.ibatis.builder.BuilderException: Error resolving class. Cause: org.apache.ibatis.type.TypeException: Could not resolve type alias 'com.example.sendyisa.domain.CarFace'.  Cause: java.lang.ClassNotFoundException: Cannot find class: com.example.sendyisa.domain.CarFace
	at org.springframework.beans.factory.support.ConstructorResolver.instantiate(ConstructorResolver.java:658) ~[spring-beans-5.3.16.jar:5.3.16]
	at org.springframework.beans.factory.support.ConstructorResolver.instantiateUsingFactoryMethod(ConstructorResolver.java:638) ~[spring-beans-5.3.16.jar:5.3.16]
	at org.springframework.beans.factory.support.AbstractAutowireCapableBeanFactory.instantiateUsingFactoryMethod(AbstractAutowireCapableBeanFactory.java:1352) ~[spring-beans-5.3.16.jar:5.3.16]
	at org.springframework.beans.factory.support.AbstractAutowireCapableBeanFactory.createBeanInstance(AbstractAutowireCapableBeanFactory.java:1195) ~[spring-beans-5.3.16.jar:5.3.16]
	at org.springframework.beans.factory.support.AbstractAutowireCapableBeanFactory.doCreateBean(AbstractAutowireCapableBeanFactory.java:582) ~[spring-beans-5.3.16.jar:5.3.16]
	at org.springframework.beans.factory.support.AbstractAutowireCapableBeanFactory.createBean(AbstractAutowireCapableBeanFactory.java:542) ~[spring-beans-5.3.16.jar:5.3.16]
	at org.springframework.beans.factory.support.AbstractBeanFactory.lambda$doGetBean$0(AbstractBeanFactory.java:335) ~[spring-beans-5.3.16.jar:5.3.16]
	at org.springframework.beans.factory.support.DefaultSingletonBeanRegistry.getSingleton(DefaultSingletonBeanRegistry.java:234) ~[spring-beans-5.3.16.jar:5.3.16]
	at org.springframework.beans.factory.support.AbstractBeanFactory.doGetBean(AbstractBeanFactory.java:333) ~[spring-beans-5.3.16.jar:5.3.16]
	at org.springframework.beans.factory.support.AbstractBeanFactory.getBean(AbstractBeanFactory.java:208) ~[spring-beans-5.3.16.jar:5.3.16]
	at org.springframework.beans.factory.config.DependencyDescriptor.resolveCandidate(DependencyDescriptor.java:276) ~[spring-beans-5.3.16.jar:5.3.16]
	at org.springframework.beans.factory.support.DefaultListableBeanFactory.doResolveDependency(DefaultListableBeanFactory.java:1389) ~[spring-beans-5.3.16.jar:5.3.16]
	at org.springframework.beans.factory.support.DefaultListableBeanFactory.resolveDependency(DefaultListableBeanFactory.java:1309) ~[spring-beans-5.3.16.jar:5.3.16]
	at org.springframework.beans.factory.support.AbstractAutowireCapableBeanFactory.autowireByType(AbstractAutowireCapableBeanFactory.java:1519) ~[spring-beans-5.3.16.jar:5.3.16]
	... 31 common frames omitted
Caused by: org.springframework.beans.BeanInstantiationException: Failed to instantiate [org.apache.ibatis.session.SqlSessionFactory]: Factory method 'sqlSessionFactory' threw exception; nested exception is org.springframework.core.NestedIOException: Failed to parse mapping resource: 'file [F:\Java项目\upload_ziguang\target\classes\mapper\CarFaceMapper.xml]'; nested exception is org.apache.ibatis.builder.BuilderException: Error parsing Mapper XML. The XML location is 'file [F:\Java项目\upload_ziguang\target\classes\mapper\CarFaceMapper.xml]'. Cause: org.apache.ibatis.builder.BuilderException: Error resolving class. Cause: org.apache.ibatis.type.TypeException: Could not resolve type alias 'com.example.sendyisa.domain.CarFace'.  Cause: java.lang.ClassNotFoundException: Cannot find class: com.example.sendyisa.domain.CarFace
	at org.springframework.beans.factory.support.SimpleInstantiationStrategy.instantiate(SimpleInstantiationStrategy.java:185) ~[spring-beans-5.3.16.jar:5.3.16]
	at org.springframework.beans.factory.support.ConstructorResolver.instantiate(ConstructorResolver.java:653) ~[spring-beans-5.3.16.jar:5.3.16]
	... 44 common frames omitted
Caused by: org.springframework.core.NestedIOException: Failed to parse mapping resource: 'file [F:\Java项目\upload_ziguang\target\classes\mapper\CarFaceMapper.xml]'; nested exception is org.apache.ibatis.builder.BuilderException: Error parsing Mapper XML. The XML location is 'file [F:\Java项目\upload_ziguang\target\classes\mapper\CarFaceMapper.xml]'. Cause: org.apache.ibatis.builder.BuilderException: Error resolving class. Cause: org.apache.ibatis.type.TypeException: Could not resolve type alias 'com.example.sendyisa.domain.CarFace'.  Cause: java.lang.ClassNotFoundException: Cannot find class: com.example.sendyisa.domain.CarFace
	at com.baomidou.mybatisplus.extension.spring.MybatisSqlSessionFactoryBean.buildSqlSessionFactory(MybatisSqlSessionFactoryBean.java:595) ~[mybatis-plus-extension-3.4.3.4.jar:3.4.3.4]
	at com.baomidou.mybatisplus.extension.spring.MybatisSqlSessionFactoryBean.afterPropertiesSet(MybatisSqlSessionFactoryBean.java:431) ~[mybatis-plus-extension-3.4.3.4.jar:3.4.3.4]
	at com.baomidou.mybatisplus.extension.spring.MybatisSqlSessionFactoryBean.getObject(MybatisSqlSessionFactoryBean.java:628) ~[mybatis-plus-extension-3.4.3.4.jar:3.4.3.4]
	at com.baomidou.mybatisplus.autoconfigure.MybatisPlusAutoConfiguration.sqlSessionFactory(MybatisPlusAutoConfiguration.java:219) ~[mybatis-plus-boot-starter-3.4.3.4.jar:3.4.3.4]
	at sun.reflect.NativeMethodAccessorImpl.invoke0(Native Method) ~[na:1.8.0_312]
	at sun.reflect.NativeMethodAccessorImpl.invoke(NativeMethodAccessorImpl.java:62) ~[na:1.8.0_312]
	at sun.reflect.DelegatingMethodAccessorImpl.invoke(DelegatingMethodAccessorImpl.java:43) ~[na:1.8.0_312]
	at java.lang.reflect.Method.invoke(Method.java:498) ~[na:1.8.0_312]
	at org.springframework.beans.factory.support.SimpleInstantiationStrategy.instantiate(SimpleInstantiationStrategy.java:154) ~[spring-beans-5.3.16.jar:5.3.16]
	... 45 common frames omitted
Caused by: org.apache.ibatis.builder.BuilderException: Error parsing Mapper XML. The XML location is 'file [F:\Java项目\upload_ziguang\target\classes\mapper\CarFaceMapper.xml]'. Cause: org.apache.ibatis.builder.BuilderException: Error resolving class. Cause: org.apache.ibatis.type.TypeException: Could not resolve type alias 'com.example.sendyisa.domain.CarFace'.  Cause: java.lang.ClassNotFoundException: Cannot find class: com.example.sendyisa.domain.CarFace
	at org.apache.ibatis.builder.xml.XMLMapperBuilder.configurationElement(XMLMapperBuilder.java:123) ~[mybatis-3.5.7.jar:3.5.7]
	at org.apache.ibatis.builder.xml.XMLMapperBuilder.parse(XMLMapperBuilder.java:95) ~[mybatis-3.5.7.jar:3.5.7]
	at com.baomidou.mybatisplus.extension.spring.MybatisSqlSessionFactoryBean.buildSqlSessionFactory(MybatisSqlSessionFactoryBean.java:593) ~[mybatis-plus-extension-3.4.3.4.jar:3.4.3.4]
	... 53 common frames omitted
Caused by: org.apache.ibatis.builder.BuilderException: Error resolving class. Cause: org.apache.ibatis.type.TypeException: Could not resolve type alias 'com.example.sendyisa.domain.CarFace'.  Cause: java.lang.ClassNotFoundException: Cannot find class: com.example.sendyisa.domain.CarFace
	at org.apache.ibatis.builder.BaseBuilder.resolveClass(BaseBuilder.java:118) ~[mybatis-3.5.7.jar:3.5.7]
	at org.apache.ibatis.builder.xml.XMLStatementBuilder.parseStatementNode(XMLStatementBuilder.java:76) ~[mybatis-3.5.7.jar:3.5.7]
	at org.apache.ibatis.builder.xml.XMLMapperBuilder.buildStatementFromContext(XMLMapperBuilder.java:138) ~[mybatis-3.5.7.jar:3.5.7]
	at org.apache.ibatis.builder.xml.XMLMapperBuilder.buildStatementFromContext(XMLMapperBuilder.java:131) ~[mybatis-3.5.7.jar:3.5.7]
	at org.apache.ibatis.builder.xml.XMLMapperBuilder.configurationElement(XMLMapperBuilder.java:121) ~[mybatis-3.5.7.jar:3.5.7]
	... 55 common frames omitted
Caused by: org.apache.ibatis.type.TypeException: Could not resolve type alias 'com.example.sendyisa.domain.CarFace'.  Cause: java.lang.ClassNotFoundException: Cannot find class: com.example.sendyisa.domain.CarFace
	at org.apache.ibatis.type.TypeAliasRegistry.resolveAlias(TypeAliasRegistry.java:120) ~[mybatis-3.5.7.jar:3.5.7]
	at org.apache.ibatis.builder.BaseBuilder.resolveAlias(BaseBuilder.java:149) ~[mybatis-3.5.7.jar:3.5.7]
	at org.apache.ibatis.builder.BaseBuilder.resolveClass(BaseBuilder.java:116) ~[mybatis-3.5.7.jar:3.5.7]
	... 59 common frames omitted
Caused by: java.lang.ClassNotFoundException: Cannot find class: com.example.sendyisa.domain.CarFace
	at org.apache.ibatis.io.ClassLoaderWrapper.classForName(ClassLoaderWrapper.java:196) ~[mybatis-3.5.7.jar:3.5.7]
	at org.apache.ibatis.io.ClassLoaderWrapper.classForName(ClassLoaderWrapper.java:89) ~[mybatis-3.5.7.jar:3.5.7]
	at org.apache.ibatis.io.Resources.classForName(Resources.java:261) ~[mybatis-3.5.7.jar:3.5.7]
	at org.apache.ibatis.type.TypeAliasRegistry.resolveAlias(TypeAliasRegistry.java:116) ~[mybatis-3.5.7.jar:3.5.7]
	... 61 common frames omitted

2022-03-09 08:47:13.650  INFO 21548 --- [main] c.e.u.UploadZiguangApplication           : Starting UploadZiguangApplication using Java 1.8.0_312 on SG264 with PID 21548 (F:\Java项目\upload_ziguang\target\classes started by SG264 in F:\Java项目\upload_ziguang)
2022-03-09 08:47:13.652  INFO 21548 --- [main] c.e.u.UploadZiguangApplication           : No active profile set, falling back to 1 default profile: "default"
2022-03-09 08:47:14.234  INFO 21548 --- [main] o.s.b.w.embedded.tomcat.TomcatWebServer  : Tomcat initialized with port(s): 8520 (http)
2022-03-09 08:47:14.239  INFO 21548 --- [main] o.apache.catalina.core.StandardService   : Starting service [Tomcat]
2022-03-09 08:47:14.239  INFO 21548 --- [main] org.apache.catalina.core.StandardEngine  : Starting Servlet engine: [Apache Tomcat/9.0.58]
2022-03-09 08:47:14.282  INFO 21548 --- [main] o.a.c.c.C.[Tomcat].[localhost].[/]       : Initializing Spring embedded WebApplicationContext
2022-03-09 08:47:14.282  INFO 21548 --- [main] w.s.c.ServletWebServerApplicationContext : Root WebApplicationContext: initialization completed in 607 ms
2022-03-09 08:47:15.010  INFO 21548 --- [main] o.s.b.w.embedded.tomcat.TomcatWebServer  : Tomcat started on port(s): 8520 (http) with context path ''
2022-03-09 08:47:15.021  INFO 21548 --- [main] c.e.u.UploadZiguangApplication           : Started UploadZiguangApplication in 1.611 seconds (JVM running for 2.043)
2022-03-09 08:47:20.040  INFO 21548 --- [scheduling-1] com.zaxxer.hikari.HikariDataSource       : HikariPool-1 - Starting...
2022-03-09 08:47:25.161  INFO 16168 --- [main] c.e.u.UploadZiguangApplication           : Starting UploadZiguangApplication using Java 1.8.0_312 on SG264 with PID 16168 (F:\Java项目\upload_ziguang\target\classes started by SG264 in F:\Java项目\upload_ziguang)
2022-03-09 08:47:25.163  INFO 16168 --- [main] c.e.u.UploadZiguangApplication           : No active profile set, falling back to 1 default profile: "default"
2022-03-09 08:47:25.723  INFO 16168 --- [main] o.s.b.w.embedded.tomcat.TomcatWebServer  : Tomcat initialized with port(s): 8520 (http)
2022-03-09 08:47:25.727  INFO 16168 --- [main] o.apache.catalina.core.StandardService   : Starting service [Tomcat]
2022-03-09 08:47:25.728  INFO 16168 --- [main] org.apache.catalina.core.StandardEngine  : Starting Servlet engine: [Apache Tomcat/9.0.58]
2022-03-09 08:47:25.769  INFO 16168 --- [main] o.a.c.c.C.[Tomcat].[localhost].[/]       : Initializing Spring embedded WebApplicationContext
2022-03-09 08:47:25.769  INFO 16168 --- [main] w.s.c.ServletWebServerApplicationContext : Root WebApplicationContext: initialization completed in 582 ms
2022-03-09 08:47:26.507  INFO 16168 --- [main] o.s.b.w.embedded.tomcat.TomcatWebServer  : Tomcat started on port(s): 8520 (http) with context path ''
2022-03-09 08:47:26.518  INFO 16168 --- [main] c.e.u.UploadZiguangApplication           : Started UploadZiguangApplication in 1.596 seconds (JVM running for 2.017)
2022-03-09 08:47:30.042  INFO 16168 --- [scheduling-1] com.zaxxer.hikari.HikariDataSource       : HikariPool-1 - Starting...
2022-03-09 08:47:52.082 ERROR 16168 --- [scheduling-1] com.zaxxer.hikari.pool.HikariPool        : HikariPool-1 - Exception during pool initialization.

com.mysql.cj.jdbc.exceptions.CommunicationsException: Communications link failure

The last packet sent successfully to the server was 0 milliseconds ago. The driver has not received any packets from the server.
	at com.mysql.cj.jdbc.exceptions.SQLError.createCommunicationsException(SQLError.java:174) ~[mysql-connector-java-8.0.17.jar:8.0.17]
	at com.mysql.cj.jdbc.exceptions.SQLExceptionsMapping.translateException(SQLExceptionsMapping.java:64) ~[mysql-connector-java-8.0.17.jar:8.0.17]
	at com.mysql.cj.jdbc.ConnectionImpl.createNewIO(ConnectionImpl.java:827) ~[mysql-connector-java-8.0.17.jar:8.0.17]
	at com.mysql.cj.jdbc.ConnectionImpl.<init>(ConnectionImpl.java:447) ~[mysql-connector-java-8.0.17.jar:8.0.17]
	at com.mysql.cj.jdbc.ConnectionImpl.getInstance(ConnectionImpl.java:237) ~[mysql-connector-java-8.0.17.jar:8.0.17]
	at com.mysql.cj.jdbc.NonRegisteringDriver.connect(NonRegisteringDriver.java:199) ~[mysql-connector-java-8.0.17.jar:8.0.17]
	at com.zaxxer.hikari.util.DriverDataSource.getConnection(DriverDataSource.java:138) ~[HikariCP-4.0.3.jar:na]
	at com.zaxxer.hikari.pool.PoolBase.newConnection(PoolBase.java:364) ~[HikariCP-4.0.3.jar:na]
	at com.zaxxer.hikari.pool.PoolBase.newPoolEntry(PoolBase.java:206) ~[HikariCP-4.0.3.jar:na]
	at com.zaxxer.hikari.pool.HikariPool.createPoolEntry(HikariPool.java:476) [HikariCP-4.0.3.jar:na]
	at com.zaxxer.hikari.pool.HikariPool.checkFailFast(HikariPool.java:561) [HikariCP-4.0.3.jar:na]
	at com.zaxxer.hikari.pool.HikariPool.<init>(HikariPool.java:115) [HikariCP-4.0.3.jar:na]
	at com.zaxxer.hikari.HikariDataSource.getConnection(HikariDataSource.java:112) [HikariCP-4.0.3.jar:na]
	at org.springframework.jdbc.datasource.DataSourceUtils.fetchConnection(DataSourceUtils.java:159) [spring-jdbc-5.3.16.jar:5.3.16]
	at org.springframework.jdbc.datasource.DataSourceUtils.doGetConnection(DataSourceUtils.java:117) [spring-jdbc-5.3.16.jar:5.3.16]
	at org.springframework.jdbc.datasource.DataSourceUtils.getConnection(DataSourceUtils.java:80) [spring-jdbc-5.3.16.jar:5.3.16]
	at org.mybatis.spring.transaction.SpringManagedTransaction.openConnection(SpringManagedTransaction.java:80) [mybatis-spring-2.0.6.jar:2.0.6]
	at org.mybatis.spring.transaction.SpringManagedTransaction.getConnection(SpringManagedTransaction.java:67) [mybatis-spring-2.0.6.jar:2.0.6]
	at org.apache.ibatis.executor.BaseExecutor.getConnection(BaseExecutor.java:337) [mybatis-3.5.7.jar:3.5.7]
	at org.apache.ibatis.executor.SimpleExecutor.prepareStatement(SimpleExecutor.java:86) [mybatis-3.5.7.jar:3.5.7]
	at org.apache.ibatis.executor.SimpleExecutor.doQuery(SimpleExecutor.java:62) [mybatis-3.5.7.jar:3.5.7]
	at org.apache.ibatis.executor.BaseExecutor.queryFromDatabase(BaseExecutor.java:325) [mybatis-3.5.7.jar:3.5.7]
	at org.apache.ibatis.executor.BaseExecutor.query(BaseExecutor.java:156) [mybatis-3.5.7.jar:3.5.7]
	at org.apache.ibatis.executor.CachingExecutor.query(CachingExecutor.java:109) [mybatis-3.5.7.jar:3.5.7]
	at org.apache.ibatis.executor.CachingExecutor.query(CachingExecutor.java:89) [mybatis-3.5.7.jar:3.5.7]
	at org.apache.ibatis.session.defaults.DefaultSqlSession.selectList(DefaultSqlSession.java:151) [mybatis-3.5.7.jar:3.5.7]
	at org.apache.ibatis.session.defaults.DefaultSqlSession.selectList(DefaultSqlSession.java:145) [mybatis-3.5.7.jar:3.5.7]
	at org.apache.ibatis.session.defaults.DefaultSqlSession.selectList(DefaultSqlSession.java:140) [mybatis-3.5.7.jar:3.5.7]
	at sun.reflect.NativeMethodAccessorImpl.invoke0(Native Method) ~[na:1.8.0_312]
	at sun.reflect.NativeMethodAccessorImpl.invoke(NativeMethodAccessorImpl.java:62) ~[na:1.8.0_312]
	at sun.reflect.DelegatingMethodAccessorImpl.invoke(DelegatingMethodAccessorImpl.java:43) ~[na:1.8.0_312]
	at java.lang.reflect.Method.invoke(Method.java:498) ~[na:1.8.0_312]
	at org.mybatis.spring.SqlSessionTemplate$SqlSessionInterceptor.invoke(SqlSessionTemplate.java:427) [mybatis-spring-2.0.6.jar:2.0.6]
	at com.sun.proxy.$Proxy63.selectList(Unknown Source) [na:na]
	at org.mybatis.spring.SqlSessionTemplate.selectList(SqlSessionTemplate.java:224) [mybatis-spring-2.0.6.jar:2.0.6]
	at com.baomidou.mybatisplus.core.override.MybatisMapperMethod.executeForMany(MybatisMapperMethod.java:166) [mybatis-plus-core-3.4.3.4.jar:3.4.3.4]
	at com.baomidou.mybatisplus.core.override.MybatisMapperMethod.execute(MybatisMapperMethod.java:77) [mybatis-plus-core-3.4.3.4.jar:3.4.3.4]
	at com.baomidou.mybatisplus.core.override.MybatisMapperProxy$PlainMethodInvoker.invoke(MybatisMapperProxy.java:148) [mybatis-plus-core-3.4.3.4.jar:3.4.3.4]
	at com.baomidou.mybatisplus.core.override.MybatisMapperProxy.invoke(MybatisMapperProxy.java:89) [mybatis-plus-core-3.4.3.4.jar:3.4.3.4]
	at com.sun.proxy.$Proxy65.selectList(Unknown Source) [na:na]
	at com.baomidou.mybatisplus.extension.service.IService.list(IService.java:289) [mybatis-plus-extension-3.4.3.4.jar:3.4.3.4]
	at com.baomidou.mybatisplus.extension.service.IService$$FastClassBySpringCGLIB$$f8525d18.invoke(<generated>) [mybatis-plus-extension-3.4.3.4.jar:3.4.3.4]
	at org.springframework.cglib.proxy.MethodProxy.invoke(MethodProxy.java:218) [spring-core-5.3.16.jar:5.3.16]
	at org.springframework.aop.framework.CglibAopProxy$DynamicAdvisedInterceptor.intercept(CglibAopProxy.java:689) [spring-aop-5.3.16.jar:5.3.16]
	at com.example.upload_ziguang.gb1400.service.impl.CarRealIllegalServiceImpl$$EnhancerBySpringCGLIB$$a053ffc9.list(<generated>) [classes/:na]
	at com.example.upload_ziguang.gb1400.web.SendService.sendHaiKang(SendService.java:59) [classes/:na]
	at com.example.upload_ziguang.gb1400.web.TimeController.sendHaiKang(TimeController.java:95) [classes/:na]
	at sun.reflect.NativeMethodAccessorImpl.invoke0(Native Method) ~[na:1.8.0_312]
	at sun.reflect.NativeMethodAccessorImpl.invoke(NativeMethodAccessorImpl.java:62) ~[na:1.8.0_312]
	at sun.reflect.DelegatingMethodAccessorImpl.invoke(DelegatingMethodAccessorImpl.java:43) ~[na:1.8.0_312]
	at java.lang.reflect.Method.invoke(Method.java:498) ~[na:1.8.0_312]
	at org.springframework.scheduling.support.ScheduledMethodRunnable.run(ScheduledMethodRunnable.java:84) [spring-context-5.3.16.jar:5.3.16]
	at org.springframework.scheduling.support.DelegatingErrorHandlingRunnable.run(DelegatingErrorHandlingRunnable.java:54) [spring-context-5.3.16.jar:5.3.16]
	at org.springframework.scheduling.concurrent.ReschedulingRunnable.run(ReschedulingRunnable.java:95) [spring-context-5.3.16.jar:5.3.16]
	at java.util.concurrent.Executors$RunnableAdapter.call(Executors.java:511) [na:1.8.0_312]
	at java.util.concurrent.FutureTask.run(FutureTask.java:266) [na:1.8.0_312]
	at java.util.concurrent.ScheduledThreadPoolExecutor$ScheduledFutureTask.access$201(ScheduledThreadPoolExecutor.java:180) [na:1.8.0_312]
	at java.util.concurrent.ScheduledThreadPoolExecutor$ScheduledFutureTask.run(ScheduledThreadPoolExecutor.java:293) [na:1.8.0_312]
	at java.util.concurrent.ThreadPoolExecutor.runWorker(ThreadPoolExecutor.java:1149) [na:1.8.0_312]
	at java.util.concurrent.ThreadPoolExecutor$Worker.run(ThreadPoolExecutor.java:624) [na:1.8.0_312]
	at java.lang.Thread.run(Thread.java:748) [na:1.8.0_312]
Caused by: com.mysql.cj.exceptions.CJCommunicationsException: Communications link failure

The last packet sent successfully to the server was 0 milliseconds ago. The driver has not received any packets from the server.
	at sun.reflect.NativeConstructorAccessorImpl.newInstance0(Native Method) ~[na:1.8.0_312]
	at sun.reflect.NativeConstructorAccessorImpl.newInstance(NativeConstructorAccessorImpl.java:62) ~[na:1.8.0_312]
	at sun.reflect.DelegatingConstructorAccessorImpl.newInstance(DelegatingConstructorAccessorImpl.java:45) ~[na:1.8.0_312]
	at java.lang.reflect.Constructor.newInstance(Constructor.java:423) ~[na:1.8.0_312]
	at com.mysql.cj.exceptions.ExceptionFactory.createException(ExceptionFactory.java:61) ~[mysql-connector-java-8.0.17.jar:8.0.17]
	at com.mysql.cj.exceptions.ExceptionFactory.createException(ExceptionFactory.java:105) ~[mysql-connector-java-8.0.17.jar:8.0.17]
	at com.mysql.cj.exceptions.ExceptionFactory.createException(ExceptionFactory.java:151) ~[mysql-connector-java-8.0.17.jar:8.0.17]
	at com.mysql.cj.exceptions.ExceptionFactory.createCommunicationsException(ExceptionFactory.java:167) ~[mysql-connector-java-8.0.17.jar:8.0.17]
	at com.mysql.cj.protocol.a.NativeSocketConnection.connect(NativeSocketConnection.java:91) ~[mysql-connector-java-8.0.17.jar:8.0.17]
	at com.mysql.cj.NativeSession.connect(NativeSession.java:150) ~[mysql-connector-java-8.0.17.jar:8.0.17]
	at com.mysql.cj.jdbc.ConnectionImpl.connectOneTryOnly(ConnectionImpl.java:947) ~[mysql-connector-java-8.0.17.jar:8.0.17]
	at com.mysql.cj.jdbc.ConnectionImpl.createNewIO(ConnectionImpl.java:817) ~[mysql-connector-java-8.0.17.jar:8.0.17]
	... 58 common frames omitted
Caused by: java.net.ConnectException: Connection timed out: connect
	at java.net.DualStackPlainSocketImpl.waitForConnect(Native Method) ~[na:1.8.0_312]
	at java.net.DualStackPlainSocketImpl.socketConnect(DualStackPlainSocketImpl.java:85) ~[na:1.8.0_312]
	at java.net.AbstractPlainSocketImpl.doConnect(AbstractPlainSocketImpl.java:350) ~[na:1.8.0_312]
	at java.net.AbstractPlainSocketImpl.connectToAddress(AbstractPlainSocketImpl.java:206) ~[na:1.8.0_312]
	at java.net.AbstractPlainSocketImpl.connect(AbstractPlainSocketImpl.java:188) ~[na:1.8.0_312]
	at java.net.PlainSocketImpl.connect(PlainSocketImpl.java:172) ~[na:1.8.0_312]
	at java.net.SocksSocketImpl.connect(SocksSocketImpl.java:392) ~[na:1.8.0_312]
	at java.net.Socket.connect(Socket.java:607) ~[na:1.8.0_312]
	at com.mysql.cj.protocol.StandardSocketFactory.connect(StandardSocketFactory.java:155) ~[mysql-connector-java-8.0.17.jar:8.0.17]
	at com.mysql.cj.protocol.a.NativeSocketConnection.connect(NativeSocketConnection.java:65) ~[mysql-connector-java-8.0.17.jar:8.0.17]
	... 61 common frames omitted

2022-03-09 08:47:52.085 ERROR 16168 --- [scheduling-1] o.s.s.s.TaskUtils$LoggingErrorHandler    : Unexpected error occurred in scheduled task

org.mybatis.spring.MyBatisSystemException: nested exception is org.apache.ibatis.exceptions.PersistenceException: 
### Error querying database.  Cause: org.springframework.jdbc.CannotGetJdbcConnectionException: Failed to obtain JDBC Connection; nested exception is com.mysql.cj.jdbc.exceptions.CommunicationsException: Communications link failure

The last packet sent successfully to the server was 0 milliseconds ago. The driver has not received any packets from the server.
### The error may exist in com/example/upload_ziguang/gb1400/mapper/CarRealIllegalMapper.java (best guess)
### The error may involve com.example.upload_ziguang.gb1400.mapper.CarRealIllegalMapper.selectList
### The error occurred while executing a query
### Cause: org.springframework.jdbc.CannotGetJdbcConnectionException: Failed to obtain JDBC Connection; nested exception is com.mysql.cj.jdbc.exceptions.CommunicationsException: Communications link failure

The last packet sent successfully to the server was 0 milliseconds ago. The driver has not received any packets from the server.
	at org.mybatis.spring.MyBatisExceptionTranslator.translateExceptionIfPossible(MyBatisExceptionTranslator.java:96) ~[mybatis-spring-2.0.6.jar:2.0.6]
	at org.mybatis.spring.SqlSessionTemplate$SqlSessionInterceptor.invoke(SqlSessionTemplate.java:441) ~[mybatis-spring-2.0.6.jar:2.0.6]
	at com.sun.proxy.$Proxy63.selectList(Unknown Source) ~[na:na]
	at org.mybatis.spring.SqlSessionTemplate.selectList(SqlSessionTemplate.java:224) ~[mybatis-spring-2.0.6.jar:2.0.6]
	at com.baomidou.mybatisplus.core.override.MybatisMapperMethod.executeForMany(MybatisMapperMethod.java:166) ~[mybatis-plus-core-3.4.3.4.jar:3.4.3.4]
	at com.baomidou.mybatisplus.core.override.MybatisMapperMethod.execute(MybatisMapperMethod.java:77) ~[mybatis-plus-core-3.4.3.4.jar:3.4.3.4]
	at com.baomidou.mybatisplus.core.override.MybatisMapperProxy$PlainMethodInvoker.invoke(MybatisMapperProxy.java:148) ~[mybatis-plus-core-3.4.3.4.jar:3.4.3.4]
	at com.baomidou.mybatisplus.core.override.MybatisMapperProxy.invoke(MybatisMapperProxy.java:89) ~[mybatis-plus-core-3.4.3.4.jar:3.4.3.4]
	at com.sun.proxy.$Proxy65.selectList(Unknown Source) ~[na:na]
	at com.baomidou.mybatisplus.extension.service.IService.list(IService.java:289) ~[mybatis-plus-extension-3.4.3.4.jar:3.4.3.4]
	at com.baomidou.mybatisplus.extension.service.IService$$FastClassBySpringCGLIB$$f8525d18.invoke(<generated>) ~[mybatis-plus-extension-3.4.3.4.jar:3.4.3.4]
	at org.springframework.cglib.proxy.MethodProxy.invoke(MethodProxy.java:218) ~[spring-core-5.3.16.jar:5.3.16]
	at org.springframework.aop.framework.CglibAopProxy$DynamicAdvisedInterceptor.intercept(CglibAopProxy.java:689) ~[spring-aop-5.3.16.jar:5.3.16]
	at com.example.upload_ziguang.gb1400.service.impl.CarRealIllegalServiceImpl$$EnhancerBySpringCGLIB$$a053ffc9.list(<generated>) ~[classes/:na]
	at com.example.upload_ziguang.gb1400.web.SendService.sendHaiKang(SendService.java:59) ~[classes/:na]
	at com.example.upload_ziguang.gb1400.web.TimeController.sendHaiKang(TimeController.java:95) ~[classes/:na]
	at sun.reflect.NativeMethodAccessorImpl.invoke0(Native Method) ~[na:1.8.0_312]
	at sun.reflect.NativeMethodAccessorImpl.invoke(NativeMethodAccessorImpl.java:62) ~[na:1.8.0_312]
	at sun.reflect.DelegatingMethodAccessorImpl.invoke(DelegatingMethodAccessorImpl.java:43) ~[na:1.8.0_312]
	at java.lang.reflect.Method.invoke(Method.java:498) ~[na:1.8.0_312]
	at org.springframework.scheduling.support.ScheduledMethodRunnable.run(ScheduledMethodRunnable.java:84) ~[spring-context-5.3.16.jar:5.3.16]
	at org.springframework.scheduling.support.DelegatingErrorHandlingRunnable.run(DelegatingErrorHandlingRunnable.java:54) ~[spring-context-5.3.16.jar:5.3.16]
	at org.springframework.scheduling.concurrent.ReschedulingRunnable.run(ReschedulingRunnable.java:95) [spring-context-5.3.16.jar:5.3.16]
	at java.util.concurrent.Executors$RunnableAdapter.call(Executors.java:511) [na:1.8.0_312]
	at java.util.concurrent.FutureTask.run(FutureTask.java:266) [na:1.8.0_312]
	at java.util.concurrent.ScheduledThreadPoolExecutor$ScheduledFutureTask.access$201(ScheduledThreadPoolExecutor.java:180) [na:1.8.0_312]
	at java.util.concurrent.ScheduledThreadPoolExecutor$ScheduledFutureTask.run(ScheduledThreadPoolExecutor.java:293) [na:1.8.0_312]
	at java.util.concurrent.ThreadPoolExecutor.runWorker(ThreadPoolExecutor.java:1149) [na:1.8.0_312]
	at java.util.concurrent.ThreadPoolExecutor$Worker.run(ThreadPoolExecutor.java:624) [na:1.8.0_312]
	at java.lang.Thread.run(Thread.java:748) [na:1.8.0_312]
Caused by: org.apache.ibatis.exceptions.PersistenceException: 
### Error querying database.  Cause: org.springframework.jdbc.CannotGetJdbcConnectionException: Failed to obtain JDBC Connection; nested exception is com.mysql.cj.jdbc.exceptions.CommunicationsException: Communications link failure

The last packet sent successfully to the server was 0 milliseconds ago. The driver has not received any packets from the server.
### The error may exist in com/example/upload_ziguang/gb1400/mapper/CarRealIllegalMapper.java (best guess)
### The error may involve com.example.upload_ziguang.gb1400.mapper.CarRealIllegalMapper.selectList
### The error occurred while executing a query
### Cause: org.springframework.jdbc.CannotGetJdbcConnectionException: Failed to obtain JDBC Connection; nested exception is com.mysql.cj.jdbc.exceptions.CommunicationsException: Communications link failure

The last packet sent successfully to the server was 0 milliseconds ago. The driver has not received any packets from the server.
	at org.apache.ibatis.exceptions.ExceptionFactory.wrapException(ExceptionFactory.java:30) ~[mybatis-3.5.7.jar:3.5.7]
	at org.apache.ibatis.session.defaults.DefaultSqlSession.selectList(DefaultSqlSession.java:153) ~[mybatis-3.5.7.jar:3.5.7]
	at org.apache.ibatis.session.defaults.DefaultSqlSession.selectList(DefaultSqlSession.java:145) ~[mybatis-3.5.7.jar:3.5.7]
	at org.apache.ibatis.session.defaults.DefaultSqlSession.selectList(DefaultSqlSession.java:140) ~[mybatis-3.5.7.jar:3.5.7]
	at sun.reflect.NativeMethodAccessorImpl.invoke0(Native Method) ~[na:1.8.0_312]
	at sun.reflect.NativeMethodAccessorImpl.invoke(NativeMethodAccessorImpl.java:62) ~[na:1.8.0_312]
	at sun.reflect.DelegatingMethodAccessorImpl.invoke(DelegatingMethodAccessorImpl.java:43) ~[na:1.8.0_312]
	at java.lang.reflect.Method.invoke(Method.java:498) ~[na:1.8.0_312]
	at org.mybatis.spring.SqlSessionTemplate$SqlSessionInterceptor.invoke(SqlSessionTemplate.java:427) ~[mybatis-spring-2.0.6.jar:2.0.6]
	... 28 common frames omitted
Caused by: org.springframework.jdbc.CannotGetJdbcConnectionException: Failed to obtain JDBC Connection; nested exception is com.mysql.cj.jdbc.exceptions.CommunicationsException: Communications link failure

The last packet sent successfully to the server was 0 milliseconds ago. The driver has not received any packets from the server.
	at org.springframework.jdbc.datasource.DataSourceUtils.getConnection(DataSourceUtils.java:83) ~[spring-jdbc-5.3.16.jar:5.3.16]
	at org.mybatis.spring.transaction.SpringManagedTransaction.openConnection(SpringManagedTransaction.java:80) ~[mybatis-spring-2.0.6.jar:2.0.6]
	at org.mybatis.spring.transaction.SpringManagedTransaction.getConnection(SpringManagedTransaction.java:67) ~[mybatis-spring-2.0.6.jar:2.0.6]
	at org.apache.ibatis.executor.BaseExecutor.getConnection(BaseExecutor.java:337) ~[mybatis-3.5.7.jar:3.5.7]
	at org.apache.ibatis.executor.SimpleExecutor.prepareStatement(SimpleExecutor.java:86) ~[mybatis-3.5.7.jar:3.5.7]
	at org.apache.ibatis.executor.SimpleExecutor.doQuery(SimpleExecutor.java:62) ~[mybatis-3.5.7.jar:3.5.7]
	at org.apache.ibatis.executor.BaseExecutor.queryFromDatabase(BaseExecutor.java:325) ~[mybatis-3.5.7.jar:3.5.7]
	at org.apache.ibatis.executor.BaseExecutor.query(BaseExecutor.java:156) ~[mybatis-3.5.7.jar:3.5.7]
	at org.apache.ibatis.executor.CachingExecutor.query(CachingExecutor.java:109) ~[mybatis-3.5.7.jar:3.5.7]
	at org.apache.ibatis.executor.CachingExecutor.query(CachingExecutor.java:89) ~[mybatis-3.5.7.jar:3.5.7]
	at org.apache.ibatis.session.defaults.DefaultSqlSession.selectList(DefaultSqlSession.java:151) ~[mybatis-3.5.7.jar:3.5.7]
	... 35 common frames omitted
Caused by: com.mysql.cj.jdbc.exceptions.CommunicationsException: Communications link failure

The last packet sent successfully to the server was 0 milliseconds ago. The driver has not received any packets from the server.
	at com.mysql.cj.jdbc.exceptions.SQLError.createCommunicationsException(SQLError.java:174) ~[mysql-connector-java-8.0.17.jar:8.0.17]
	at com.mysql.cj.jdbc.exceptions.SQLExceptionsMapping.translateException(SQLExceptionsMapping.java:64) ~[mysql-connector-java-8.0.17.jar:8.0.17]
	at com.mysql.cj.jdbc.ConnectionImpl.createNewIO(ConnectionImpl.java:827) ~[mysql-connector-java-8.0.17.jar:8.0.17]
	at com.mysql.cj.jdbc.ConnectionImpl.<init>(ConnectionImpl.java:447) ~[mysql-connector-java-8.0.17.jar:8.0.17]
	at com.mysql.cj.jdbc.ConnectionImpl.getInstance(ConnectionImpl.java:237) ~[mysql-connector-java-8.0.17.jar:8.0.17]
	at com.mysql.cj.jdbc.NonRegisteringDriver.connect(NonRegisteringDriver.java:199) ~[mysql-connector-java-8.0.17.jar:8.0.17]
	at com.zaxxer.hikari.util.DriverDataSource.getConnection(DriverDataSource.java:138) ~[HikariCP-4.0.3.jar:na]
	at com.zaxxer.hikari.pool.PoolBase.newConnection(PoolBase.java:364) ~[HikariCP-4.0.3.jar:na]
	at com.zaxxer.hikari.pool.PoolBase.newPoolEntry(PoolBase.java:206) ~[HikariCP-4.0.3.jar:na]
	at com.zaxxer.hikari.pool.HikariPool.createPoolEntry(HikariPool.java:476) ~[HikariCP-4.0.3.jar:na]
	at com.zaxxer.hikari.pool.HikariPool.checkFailFast(HikariPool.java:561) ~[HikariCP-4.0.3.jar:na]
	at com.zaxxer.hikari.pool.HikariPool.<init>(HikariPool.java:115) ~[HikariCP-4.0.3.jar:na]
	at com.zaxxer.hikari.HikariDataSource.getConnection(HikariDataSource.java:112) ~[HikariCP-4.0.3.jar:na]
	at org.springframework.jdbc.datasource.DataSourceUtils.fetchConnection(DataSourceUtils.java:159) ~[spring-jdbc-5.3.16.jar:5.3.16]
	at org.springframework.jdbc.datasource.DataSourceUtils.doGetConnection(DataSourceUtils.java:117) ~[spring-jdbc-5.3.16.jar:5.3.16]
	at org.springframework.jdbc.datasource.DataSourceUtils.getConnection(DataSourceUtils.java:80) ~[spring-jdbc-5.3.16.jar:5.3.16]
	... 45 common frames omitted
Caused by: com.mysql.cj.exceptions.CJCommunicationsException: Communications link failure

The last packet sent successfully to the server was 0 milliseconds ago. The driver has not received any packets from the server.
	at sun.reflect.NativeConstructorAccessorImpl.newInstance0(Native Method) ~[na:1.8.0_312]
	at sun.reflect.NativeConstructorAccessorImpl.newInstance(NativeConstructorAccessorImpl.java:62) ~[na:1.8.0_312]
	at sun.reflect.DelegatingConstructorAccessorImpl.newInstance(DelegatingConstructorAccessorImpl.java:45) ~[na:1.8.0_312]
	at java.lang.reflect.Constructor.newInstance(Constructor.java:423) ~[na:1.8.0_312]
	at com.mysql.cj.exceptions.ExceptionFactory.createException(ExceptionFactory.java:61) ~[mysql-connector-java-8.0.17.jar:8.0.17]
	at com.mysql.cj.exceptions.ExceptionFactory.createException(ExceptionFactory.java:105) ~[mysql-connector-java-8.0.17.jar:8.0.17]
	at com.mysql.cj.exceptions.ExceptionFactory.createException(ExceptionFactory.java:151) ~[mysql-connector-java-8.0.17.jar:8.0.17]
	at com.mysql.cj.exceptions.ExceptionFactory.createCommunicationsException(ExceptionFactory.java:167) ~[mysql-connector-java-8.0.17.jar:8.0.17]
	at com.mysql.cj.protocol.a.NativeSocketConnection.connect(NativeSocketConnection.java:91) ~[mysql-connector-java-8.0.17.jar:8.0.17]
	at com.mysql.cj.NativeSession.connect(NativeSession.java:150) ~[mysql-connector-java-8.0.17.jar:8.0.17]
	at com.mysql.cj.jdbc.ConnectionImpl.connectOneTryOnly(ConnectionImpl.java:947) ~[mysql-connector-java-8.0.17.jar:8.0.17]
	at com.mysql.cj.jdbc.ConnectionImpl.createNewIO(ConnectionImpl.java:817) ~[mysql-connector-java-8.0.17.jar:8.0.17]
	... 58 common frames omitted
Caused by: java.net.ConnectException: Connection timed out: connect
	at java.net.DualStackPlainSocketImpl.waitForConnect(Native Method) ~[na:1.8.0_312]
	at java.net.DualStackPlainSocketImpl.socketConnect(DualStackPlainSocketImpl.java:85) ~[na:1.8.0_312]
	at java.net.AbstractPlainSocketImpl.doConnect(AbstractPlainSocketImpl.java:350) ~[na:1.8.0_312]
	at java.net.AbstractPlainSocketImpl.connectToAddress(AbstractPlainSocketImpl.java:206) ~[na:1.8.0_312]
	at java.net.AbstractPlainSocketImpl.connect(AbstractPlainSocketImpl.java:188) ~[na:1.8.0_312]
	at java.net.PlainSocketImpl.connect(PlainSocketImpl.java:172) ~[na:1.8.0_312]
	at java.net.SocksSocketImpl.connect(SocksSocketImpl.java:392) ~[na:1.8.0_312]
	at java.net.Socket.connect(Socket.java:607) ~[na:1.8.0_312]
	at com.mysql.cj.protocol.StandardSocketFactory.connect(StandardSocketFactory.java:155) ~[mysql-connector-java-8.0.17.jar:8.0.17]
	at com.mysql.cj.protocol.a.NativeSocketConnection.connect(NativeSocketConnection.java:65) ~[mysql-connector-java-8.0.17.jar:8.0.17]
	... 61 common frames omitted

2022-03-09 08:48:00.003  INFO 16168 --- [scheduling-1] com.zaxxer.hikari.HikariDataSource       : HikariPool-1 - Starting...
2022-03-09 08:48:26.760  INFO 23160 --- [main] c.e.u.UploadZiguangApplication           : Starting UploadZiguangApplication using Java 1.8.0_312 on SG264 with PID 23160 (F:\Java项目\upload_ziguang\target\classes started by SG264 in F:\Java项目\upload_ziguang)
2022-03-09 08:48:26.762  INFO 23160 --- [main] c.e.u.UploadZiguangApplication           : No active profile set, falling back to 1 default profile: "default"
2022-03-09 08:48:27.311  INFO 23160 --- [main] o.s.b.w.embedded.tomcat.TomcatWebServer  : Tomcat initialized with port(s): 8520 (http)
2022-03-09 08:48:27.315  INFO 23160 --- [main] o.apache.catalina.core.StandardService   : Starting service [Tomcat]
2022-03-09 08:48:27.315  INFO 23160 --- [main] org.apache.catalina.core.StandardEngine  : Starting Servlet engine: [Apache Tomcat/9.0.58]
2022-03-09 08:48:27.355  INFO 23160 --- [main] o.a.c.c.C.[Tomcat].[localhost].[/]       : Initializing Spring embedded WebApplicationContext
2022-03-09 08:48:27.355  INFO 23160 --- [main] w.s.c.ServletWebServerApplicationContext : Root WebApplicationContext: initialization completed in 571 ms
2022-03-09 08:48:27.966  INFO 23160 --- [main] o.s.b.w.embedded.tomcat.TomcatWebServer  : Tomcat started on port(s): 8520 (http) with context path ''
2022-03-09 08:48:27.974  INFO 23160 --- [main] c.e.u.UploadZiguangApplication           : Started UploadZiguangApplication in 1.451 seconds (JVM running for 1.86)
2022-03-09 08:48:42.110  INFO 16276 --- [main] c.e.u.UploadZiguangApplication           : Starting UploadZiguangApplication using Java 1.8.0_312 on SG264 with PID 16276 (F:\Java项目\upload_ziguang\target\classes started by SG264 in F:\Java项目\upload_ziguang)
2022-03-09 08:48:42.112  INFO 16276 --- [main] c.e.u.UploadZiguangApplication           : No active profile set, falling back to 1 default profile: "default"
2022-03-09 08:48:42.663  INFO 16276 --- [main] o.s.b.w.embedded.tomcat.TomcatWebServer  : Tomcat initialized with port(s): 8520 (http)
2022-03-09 08:48:42.667  INFO 16276 --- [main] o.apache.catalina.core.StandardService   : Starting service [Tomcat]
2022-03-09 08:48:42.667  INFO 16276 --- [main] org.apache.catalina.core.StandardEngine  : Starting Servlet engine: [Apache Tomcat/9.0.58]
2022-03-09 08:48:42.707  INFO 16276 --- [main] o.a.c.c.C.[Tomcat].[localhost].[/]       : Initializing Spring embedded WebApplicationContext
2022-03-09 08:48:42.707  INFO 16276 --- [main] w.s.c.ServletWebServerApplicationContext : Root WebApplicationContext: initialization completed in 572 ms
2022-03-09 08:48:43.308  INFO 16276 --- [main] o.s.b.w.embedded.tomcat.TomcatWebServer  : Tomcat started on port(s): 8520 (http) with context path ''
2022-03-09 08:48:43.316  INFO 16276 --- [main] c.e.u.UploadZiguangApplication           : Started UploadZiguangApplication in 1.446 seconds (JVM running for 1.84)
2022-03-09 08:49:32.505  INFO 5868 --- [main] c.e.u.UploadZiguangApplication           : Starting UploadZiguangApplication using Java 1.8.0_312 on SG264 with PID 5868 (F:\Java项目\upload_ziguang\target\classes started by SG264 in F:\Java项目\upload_ziguang)
2022-03-09 08:49:32.507  INFO 5868 --- [main] c.e.u.UploadZiguangApplication           : No active profile set, falling back to 1 default profile: "default"
2022-03-09 08:49:33.069  INFO 5868 --- [main] o.s.b.w.embedded.tomcat.TomcatWebServer  : Tomcat initialized with port(s): 8520 (http)
2022-03-09 08:49:33.074  INFO 5868 --- [main] o.apache.catalina.core.StandardService   : Starting service [Tomcat]
2022-03-09 08:49:33.074  INFO 5868 --- [main] org.apache.catalina.core.StandardEngine  : Starting Servlet engine: [Apache Tomcat/9.0.58]
2022-03-09 08:49:33.114  INFO 5868 --- [main] o.a.c.c.C.[Tomcat].[localhost].[/]       : Initializing Spring embedded WebApplicationContext
2022-03-09 08:49:33.114  INFO 5868 --- [main] w.s.c.ServletWebServerApplicationContext : Root WebApplicationContext: initialization completed in 584 ms
2022-03-09 08:49:33.717  INFO 5868 --- [main] o.s.b.w.embedded.tomcat.TomcatWebServer  : Tomcat started on port(s): 8520 (http) with context path ''
2022-03-09 08:49:33.725  INFO 5868 --- [main] c.e.u.UploadZiguangApplication           : Started UploadZiguangApplication in 1.461 seconds (JVM running for 1.864)
2022-03-09 09:00:02.598  INFO 18280 --- [main] c.e.u.UploadZiguangApplication           : Starting UploadZiguangApplication using Java 1.8.0_312 on SG264 with PID 18280 (F:\Java项目\upload_ziguang\target\classes started by SG264 in F:\Java项目\upload_ziguang)
2022-03-09 09:00:02.599  INFO 18280 --- [main] c.e.u.UploadZiguangApplication           : No active profile set, falling back to 1 default profile: "default"
2022-03-09 09:00:03.153  INFO 18280 --- [main] o.s.b.w.embedded.tomcat.TomcatWebServer  : Tomcat initialized with port(s): 8520 (http)
2022-03-09 09:00:03.158  INFO 18280 --- [main] o.apache.catalina.core.StandardService   : Starting service [Tomcat]
2022-03-09 09:00:03.158  INFO 18280 --- [main] org.apache.catalina.core.StandardEngine  : Starting Servlet engine: [Apache Tomcat/9.0.58]
2022-03-09 09:00:03.202  INFO 18280 --- [main] o.a.c.c.C.[Tomcat].[localhost].[/]       : Initializing Spring embedded WebApplicationContext
2022-03-09 09:00:03.202  INFO 18280 --- [main] w.s.c.ServletWebServerApplicationContext : Root WebApplicationContext: initialization completed in 581 ms
2022-03-09 09:00:03.881  INFO 18280 --- [main] o.s.b.w.embedded.tomcat.TomcatWebServer  : Tomcat started on port(s): 8520 (http) with context path ''
2022-03-09 09:00:03.890  INFO 18280 --- [main] c.e.u.UploadZiguangApplication           : Started UploadZiguangApplication in 1.534 seconds (JVM running for 1.93)
2022-03-09 09:00:38.788  INFO 5664 --- [main] c.e.u.UploadZiguangApplication           : Starting UploadZiguangApplication using Java 1.8.0_312 on SG264 with PID 5664 (F:\Java项目\upload_ziguang\target\classes started by SG264 in F:\Java项目\upload_ziguang)
2022-03-09 09:00:38.803  INFO 5664 --- [main] c.e.u.UploadZiguangApplication           : No active profile set, falling back to 1 default profile: "default"
2022-03-09 09:00:40.043  INFO 5664 --- [main] o.s.b.w.embedded.tomcat.TomcatWebServer  : Tomcat initialized with port(s): 8520 (http)
2022-03-09 09:00:40.049  INFO 5664 --- [main] o.apache.catalina.core.StandardService   : Starting service [Tomcat]
2022-03-09 09:00:40.049  INFO 5664 --- [main] org.apache.catalina.core.StandardEngine  : Starting Servlet engine: [Apache Tomcat/9.0.58]
2022-03-09 09:00:40.123  INFO 5664 --- [main] o.a.c.c.C.[Tomcat].[localhost].[/]       : Initializing Spring embedded WebApplicationContext
2022-03-09 09:00:40.124  INFO 5664 --- [main] w.s.c.ServletWebServerApplicationContext : Root WebApplicationContext: initialization completed in 1266 ms
2022-03-09 09:00:40.831  INFO 5664 --- [main] o.s.b.w.embedded.tomcat.TomcatWebServer  : Tomcat started on port(s): 8520 (http) with context path ''
2022-03-09 09:00:40.840  INFO 5664 --- [main] c.e.u.UploadZiguangApplication           : Started UploadZiguangApplication in 2.461 seconds (JVM running for 3.094)
2022-03-09 09:00:53.336  INFO 6944 --- [main] c.e.u.UploadZiguangApplication           : Starting UploadZiguangApplication using Java 1.8.0_312 on SG264 with PID 6944 (F:\Java项目\upload_ziguang\target\classes started by SG264 in F:\Java项目\upload_ziguang)
2022-03-09 09:00:53.338  INFO 6944 --- [main] c.e.u.UploadZiguangApplication           : No active profile set, falling back to 1 default profile: "default"
2022-03-09 09:00:53.906  INFO 6944 --- [main] o.s.b.w.embedded.tomcat.TomcatWebServer  : Tomcat initialized with port(s): 8520 (http)
2022-03-09 09:00:53.910  INFO 6944 --- [main] o.apache.catalina.core.StandardService   : Starting service [Tomcat]
2022-03-09 09:00:53.911  INFO 6944 --- [main] org.apache.catalina.core.StandardEngine  : Starting Servlet engine: [Apache Tomcat/9.0.58]
2022-03-09 09:00:53.952  INFO 6944 --- [main] o.a.c.c.C.[Tomcat].[localhost].[/]       : Initializing Spring embedded WebApplicationContext
2022-03-09 09:00:53.952  INFO 6944 --- [main] w.s.c.ServletWebServerApplicationContext : Root WebApplicationContext: initialization completed in 591 ms
2022-03-09 09:00:54.579  INFO 6944 --- [main] o.s.b.w.embedded.tomcat.TomcatWebServer  : Tomcat started on port(s): 8520 (http) with context path ''
2022-03-09 09:00:54.587  INFO 6944 --- [main] c.e.u.UploadZiguangApplication           : Started UploadZiguangApplication in 1.485 seconds (JVM running for 1.876)
